- Device platform: arm64-v8a
- Installing: 30.7 (30700)
- Copying image to cache
Parsing boot image: [/data/user_de/0/com.topjohnwu.magisk/install/boot.img]
HEADER_VER      [4]
KERNEL_SZ       [0]
RAMDISK_SZ      [2153564]
PAGESIZE        [4096]
CMDLINE         []
RAMDISK_FMT     [lz4_legacy]
VBMETA
- Unpacking boot image
Loading cpio: [ramdisk.cpio]
- Checking ramdisk status
- Stock boot image detected
- Patching ramdisk
- Pre-init storage partition: userdata
Loading cpio: [ramdisk.cpio]
Add file [init] (100750)
Create directory [overlay.d] (0750)
Create directory [overlay.d/sbin] (0750)
Add file [overlay.d/sbin/magisk.xz] (100644)
Add file [overlay.d/sbin/stub.xz] (100644)
Add file [overlay.d/sbin/init-ld.xz] (100644)
Patch with flag KEEPVERITY=[true] KEEPFORCEENCRYPT=[true]
Loading cpio: [ramdisk.cpio.orig]
Backup [init] -> [.backup/init.xz]
Record new entry: [overlay.d] -> [.backup/.rmlist]
Record new entry: [overlay.d/sbin] -> [.backup/.rmlist]
Record new entry: [overlay.d/sbin/init-ld.xz] -> [.backup/.rmlist]
Record new entry: [overlay.d/sbin/magisk.xz] -> [.backup/.rmlist]
Record new entry: [overlay.d/sbin/stub.xz] -> [.backup/.rmlist]
Create directory [.backup] (0000)
Add file [.backup/.magisk] (100000)
Dumping cpio: [ramdisk.cpio]
- Repacking boot image
Parsing boot image: [/data/user_de/0/com.topjohnwu.magisk/install/boot.img]
HEADER_VER      [4]
KERNEL_SZ       [0]
RAMDISK_SZ      [2153564]
PAGESIZE        [4096]
CMDLINE         []
RAMDISK_FMT     [lz4_legacy]
VBMETA
Repack to boot image: [new-boot.img]
HEADER_VER      [4]
KERNEL_SZ       [0]
RAMDISK_SZ      [1959270]
PAGESIZE        [4096]
CMDLINE         []

****************************
 Output file is written to 
 /storage/emulated/0/Download/magisk_patched-30700_DtzZR.img 
****************************
cp: can't preserve ownership of 'busybox': Operation not permitted
cp: can't preserve ownership of 'init-ld': Operation not permitted
cp: can't preserve ownership of 'magisk': Operation not permitted
cp: can't preserve ownership of 'magiskboot': Operation not permitted
cp: can't preserve ownership of 'magiskinit': Operation not permitted
cp: can't preserve ownership of 'magiskpolicy': Operation not permitted
- All done!
